







 A
A A
 A
A A
 A

  AA
AA  AA
  AA
AA  AA
AA  AA
  AA

  AA
AA  AA
AA  AA
  AA
AA  AA
AA  AA
  AA

  AAA
AA   AA
AA   AA
  AAA
AA   AA
AA   AA
AA   AA
  AAA

  AAA
AA   AA
AA   AA
AA   AA
  AAA
AA   AA
AA   AA
AA   AA
  AAA

  AAAA
AA    AA
AA    AA
AA    AA
  AAAA
AA    AA
AA    AA
AA    AA
AA    AA
  AAAA

  AAAA
AA    AA
AA    AA
AA    AA
AA    AA
  AAAA
AA    AA
AA    AA
AA    AA
AA    AA
  AAAA

   AAAAA
AAA     AAA
AAA     AAA
AAA     AAA
AAA     AAA
   AAAAA
AAA     AAA
AAA     AAA
AAA     AAA
AAA     AAA
AAA     AAA
   AAAAA

   AAAAA
AAA     AAA
AAA     AAA
AAA     AAA
AAA     AAA
AAA     AAA
   AAAAA
AAA     AAA
AAA     AAA
AAA     AAA
AAA     AAA
AAA     AAA
   AAAAA

   AAAAAA
AAA      AAA
AAA      AAA
AAA      AAA
AAA      AAA
AAA      AAA
   AAAAAA
AAA      AAA
AAA      AAA
AAA      AAA
AAA      AAA
AAA      AAA
AAA      AAA
   AAAAAA

    AAAAAAAAA
AAAA         AAAA
AAAA         AAAA
AAAA         AAAA
AAAA         AAAA
AAAA         AAAA
AAAA         AAAA
AAAA         AAAA
AAAA         AAAA
    AAAAAAAAA
AAAA         AAAA
AAAA         AAAA
AAAA         AAAA
AAAA         AAAA
AAAA         AAAA
AAAA         AAAA
AAAA         AAAA
AAAA         AAAA
AAAA         AAAA
    AAAAAAAAA

      AAAAAAAAAAAAAAAA
AAAAAA                AAAAAA
AAAAAA                AAAAAA
AAAAAA                AAAAAA
AAAAAA                AAAAAA
AAAAAA                AAAAAA
AAAAAA                AAAAAA
AAAAAA                AAAAAA
AAAAAA                AAAAAA
AAAAAA                AAAAAA
AAAAAA                AAAAAA
AAAAAA                AAAAAA
AAAAAA                AAAAAA
AAAAAA                AAAAAA
AAAAAA                AAAAAA
AAAAAA                AAAAAA
AAAAAA                AAAAAA
      AAAAAAAAAAAAAAAA
AAAAAA                AAAAAA
AAAAAA                AAAAAA
AAAAAA                AAAAAA
AAAAAA                AAAAAA
AAAAAA                AAAAAA
AAAAAA                AAAAAA
AAAAAA                AAAAAA
AAAAAA                AAAAAA
AAAAAA                AAAAAA
AAAAAA                AAAAAA
AAAAAA                AAAAAA
AAAAAA                AAAAAA
AAAAAA                AAAAAA
AAAAAA                AAAAAA
AAAAAA                AAAAAA
AAAAAA                AAAAAA
      AAAAAAAAAAAAAAAA

       AAAAAAAAAAAAAAAAA
AAAAAAA                 AAAAAAA
AAAAAAA                 AAAAAAA
AAAAAAA                 AAAAAAA
AAAAAAA                 AAAAAAA
AAAAAAA                 AAAAAAA
AAAAAAA                 AAAAAAA
AAAAAAA                 AAAAAAA
AAAAAAA                 AAAAAAA
AAAAAAA                 AAAAAAA
AAAAAAA                 AAAAAAA
AAAAAAA                 AAAAAAA
AAAAAAA                 AAAAAAA
AAAAAAA                 AAAAAAA
AAAAAAA                 AAAAAAA
AAAAAAA                 AAAAAAA
AAAAAAA                 AAAAAAA
AAAAAAA                 AAAAAAA
       AAAAAAAAAAAAAAAAA
AAAAAAA                 AAAAAAA
AAAAAAA                 AAAAAAA
AAAAAAA                 AAAAAAA
AAAAAAA                 AAAAAAA
AAAAAAA                 AAAAAAA
AAAAAAA                 AAAAAAA
AAAAAAA                 AAAAAAA
AAAAAAA                 AAAAAAA
AAAAAAA                 AAAAAAA
AAAAAAA                 AAAAAAA
AAAAAAA                 AAAAAAA
AAAAAAA                 AAAAAAA
AAAAAAA                 AAAAAAA
AAAAAAA                 AAAAAAA
AAAAAAA                 AAAAAAA
AAAAAAA                 AAAAAAA
AAAAAAA                 AAAAAAA
       AAAAAAAAAAAAAAAAA
