 C
 H
 E
 E
 S
 E          E
 C          X
MATCHES   PICNIC
 K          U
 E          S
            E
            S

           C
           H
           E
           E
           S
  P        E
  I        C
EXCUSES   MATCHES
  N        K
  I        E
  C

          M
  P       A
  I       T
EXCUSES   CHEESECAKE
  N       H
  I       E
  C       X

Unable to make two crosses

 C
BALL   BALL
 T     A
 A
 M

 B
CATAM   BA
 L      A
 L      L
        L

 B
CATAM   BALL
 L      A
 L

M
A              E
T              X
CHEESECAKE   PICNIC
H              U
E              S
S              E
               S
               S
               S

 W      S
 A      U
 T      R
LIDYA   ASEP
        S
        E
        P

           L
           I
           D
A          Y
SURASEP   WATI
E
P

           S
           U
W          R
ASEP   LIDYA
T          S
I          E
           P

          L
          I
          D
          Y
WATI   SURASEP
 S
 E
 P

            C
            H
JAPANESE   VIETNAMNESE
 M          N
 E          E
 R          S
 I          E
 C
 A
 N

          V
   J      I
   A      E
   P      T
   A      N
CHINESE   AMERICAN
   E      M
   S      N
   E      E
          S
          E

 B
 I               J
UNIVERSITAS   NUSANTARA
 A               K
                 A
                 R
                 T
                 A

               N
 B             U
 I             S
UNIVERSITAS   JAKARTA
 A             N
               T
               A
               R
               A

            J
            A
            K
            A
BINA   UNIVERSITAS
  U         T
  S         A
  A
  N
  T
  A
  R
  A

        U
        N
        I
        V
        E
        R
        S
        I
        T
BINA   JAKARTA
  U     S
  S
  A
  N
  T
  A
  R
  A

   J   U
BINA   NUSANTARA
   K   I
   A   V
   R   E
   T   R
   A   S
       I
       T
       A
       S

 B
 I
 N        U
JAKARTA   NUSANTARA
          I
          V
          E
          R
          S
          I
          T
          A
          S

 B
 I
 N        N
JAKARTA   UNIVERSITAS
          S
          A
          N
          T
          A
          R
          A

 U
 N
 I
 V
 E
 R
 S
 I        B
 T        I
JAKARTA   NUSANTARA
 S        A

 U
 N
 I
 V
 E
 R
 S
 I
 T
JAKARTA   BINA
 S          U
            S
            A
            N
            T
            A
            R
            A

A   B

STRINGA   STRINGC
T         T
R         R
I         I
N         N
G         G
B         D

 B       L
 O       A
ASEP   KUMA
 S       A

        K
 B      U
 O      M
ASEP   LAMA
 S

         L
  A      A
BOSS   KUMA
  E      A
  P

        K
        U
  A     M
BOSS   LAMA
  E
  P

Unable to make two crosses

Unable to make two crosses
